0:100  0:100  MemLog inited, TSC freq: 1800254790
0:100  0:000  CPU was calibrated with RTC
0:100  0:000  CloverX64 : Image base = 0x62ADE000
0:100  0:000  Clover ImageHandle = 6c596d98
0:112  0:012  === [ Starting Clover ] =========================
0:112  0:000  Now is 13.12.2021,  19:02:53 (GMT)
0:112  0:000  Starting Clover revision: 5142 (master, commit 50b364ee3) on American Megatrends EFI
0:112  0:000  Build id: 20211102184453-50b364e-5142-dirty
0:112  0:000  Build with: [Args: -D NO_GRUB_DRIVERS_EMBEDDED -D LESS_DEBUG -t GCC53 | --cmd-len=50000 -D NO_GRUB_DRIVERS_EMBEDDED -D LESS_DEBUG --conf=/Users/sergey/src/CloverBootloader/Conf -D USE_LOW_EBDA -a X64 -b RELEASE -t GCC53 -n 5 | OS: 12.1]
0:112  0:000  === [ Get Smbios ] ==============================
0:112  0:000  Type 16 Index = 0
0:112  0:000  Total Memory Slots Count = 2
0:112  0:000  Type 17 Index = 0
0:112  0:000  SmbiosTable.Type17->SlotIndex = 0
0:112  0:000  SmbiosTable.Type17->ModuleSize = 4096MB
0:112  0:000  SmbiosTable.Type17->Type = 0
0:112  0:000  SmbiosTable.Type17->Frequency = 2667MHz
0:112  0:000  SmbiosTable.Type17->Bank/Device =  DIMM A
0:112  0:000  SmbiosTable.Type17->Vendor = 80AD000080AD
0:112  0:000  SmbiosTable.Type17->SerialNo = 2D31FCD7
0:112  0:000  SmbiosTable.Type17->PartNo = HMA851S6CJR6N-VK
0:112  0:000  Type 17 Index = 1
0:112  0:000  SmbiosTable.Type17->SlotIndex = 1
0:112  0:000  SmbiosTable.Type17->ModuleSize = 4096MB
0:112  0:000  SmbiosTable.Type17->Type = 0
0:112  0:000  SmbiosTable.Type17->Frequency = 2400MHz
0:112  0:000  SmbiosTable.Type17->Bank/Device =  DIMM B
0:112  0:000  SmbiosTable.Type17->Vendor = 01980000830B
0:112  0:000  SmbiosTable.Type17->SerialNo = 8725DD42
0:112  0:000  SmbiosTable.Type17->PartNo = 9905711-007.A00G
0:112  0:000  Boot status=0
0:112  0:000  Running on: 'Vostro 5581' with board '03H24J'
0:112  0:000  === [ GetCPUProperties ] ========================
0:112  0:000  CPU Vendor = 756E6547 Model=806EB
0:112  0:000   The CPU supported SSE4.1
0:112  0:000   The CPU supported RDRAND
0:112  0:000  BrandString = Intel(R) Core(TM) i5-8265U CPU @ 1.60GHz
0:112  0:000   The CPU supported turbo
0:112  0:000   Energy PerfBias is  visible:
0:112  0:000  MSR 0x35               40008
0:112  0:000   TSC/CCC Information Leaf:
0:112  0:000    numerator     : 150
0:112  0:000    denominator   : 2
0:112  0:000   Calibrated ARTFrequency: 24003397
0:112  0:000   Rounded ARTFrequency: 24000000
0:112  0:000  MSR 0xE2 before patch 1E008008
0:112  0:000  MSR 0xE2 is locked, PM patches will be turned on
0:112  0:000  MSR 0xCE              0004043D_F1011200
0:112  0:000  corrected FLEX_RATIO = 0
0:112  0:000  MSR 0x1B0             00000000
0:112  0:000  FSBFrequency = 89 MHz, DMI FSBFrequency = 100 MHz, Corrected FSBFrequency = 100 MHz
0:112  0:000  MaxDiv/MinDiv: 18.0/4
0:112  0:000  Turbo: 37/37/38/39
0:112  0:000  Features: 0x77FAFBBFBFEBFBFF
0:112  0:000  Threads: 8
0:112  0:000  Cores: 4
0:112  0:000  FSB: 100 MHz
0:112  0:000  CPU: 1600 MHz
0:112  0:000  TSC: 1600 MHz
0:112  0:000  PIS: 100 MHz
0:112  0:000  ExternalClock: 25 MHz
0:112  0:000  === [ GetDevices ] ==============================
0:112  0:000  GOP found at: PciRoot(0x0)/Pci(0x2,0x0)/AcpiAdr(0x80011400)
0:112  0:000  PCI (00|00:00.00) : 8086 3E34 class=060000
0:112  0:000  PCI (00|00:02.00) : 8086 3EA0 class=030000
0:112  0:000   - GFX: Model=Intel UHD Graphics 620 (Intel)
0:112  0:000   - GOP: Provided by device
0:112  0:000  PCI (00|00:04.00) : 8086 1903 class=118000
0:112  0:000  PCI (00|00:08.00) : 8086 1911 class=088000
0:113  0:000  PCI (00|00:12.00) : 8086 9DF9 class=118000
0:113  0:000  PCI (00|00:13.00) : 8086 9DFC class=070000
0:113  0:000  PCI (00|00:14.00) : 8086 9DED class=0C0330
0:113  0:000  PCI (00|00:14.02) : 8086 9DEF class=050000
0:113  0:000  PCI (00|00:14.03) : 8086 9DF0 class=028000
0:113  0:000   - WIFI: Vendor= Intel
0:113  0:000  PCI (00|00:15.00) : 8086 9DE8 class=0C8000
0:113  0:000  PCI (00|00:15.01) : 8086 9DE9 class=0C8000
0:113  0:000  PCI (00|00:16.00) : 8086 9DE0 class=078000
0:113  0:000  PCI (00|00:17.00) : 8086 9DD3 class=010601
0:113  0:000  PCI (00|00:1C.00) : 8086 9DB8 class=060400
0:113  0:000  PCI (00|00:1C.04) : 8086 9DBC class=060400
0:113  0:000  PCI (00|02:00.00) : 10DE 174D class=030200
0:113  0:000  PCI (00|00:1D.00) : 8086 9DB0 class=060400
0:113  0:000  PCI (00|03:00.00) : 10EC 8168 class=020000
0:113  0:000   - LAN: 1 Vendor=Realtek
0:113  0:000  Legacy MAC address of LAN #0= 6C:2B:59:3E:F3:2B:
0:113  0:000  PCI (00|00:1D.04) : 8086 9DB4 class=060400
0:113  0:000  PCI (00|04:00.00) : 10EC 5762 class=010802
0:113  0:000  PCI (00|00:1F.00) : 8086 9D84 class=060100
0:113  0:000  PCI (00|00:1F.03) : 8086 9DC8 class=040380
0:113  0:000  PCI (00|00:1F.04) : 8086 9DA3 class=0C0500
0:113  0:000  PCI (00|00:1F.05) : 8086 9DA4 class=0C8000
0:113  0:000  _checkOEMPath Look for oem dir at path '\EFI\CLOVER\OEM\Vostro 5581--6C-2B-59-3E-F3-2B'. Dir doesn't exist.
0:113  0:000  _checkOEMPath Look for oem dir at path '\EFI\CLOVER\OEM\03H24J\UEFI'. Dir doesn't exist.
0:113  0:000  _checkOEMPath Look for oem dir at path '\EFI\CLOVER\OEM\Vostro 5581'. Dir doesn't exist.
0:113  0:000  _checkOEMPath Look for oem dir at path '\EFI\CLOVER\OEM\Vostro 5581-1600'. Dir doesn't exist.
0:113  0:000  _checkOEMPath Look for oem dir at path '\EFI\CLOVER\OEM\03H24J'. Dir doesn't exist.
0:113  0:000  _checkOEMPath Look for oem dir at path '\EFI\CLOVER\OEM\03H24J-1600'. Dir doesn't exist.
0:113  0:000  === [ GetUserSettings ] =========================
0:113  0:000  GetDefaultModel()=MacBookPro14,1
0:113  0:000  Using config.plist at path: \EFI\CLOVER
0:113  0:000  There is a problem in plist '\EFI\CLOVER\config.plist'
0:114  0:000  Warning: Expect a string of 4 chars for tag '/ACPI/DropTables[0]/Signature:46'.
0:114  0:000  Use CloverConfigPlistValidator or look in the log
3:115  3:000  Cannot find smbios.plist at path '\EFI\CLOVER' : Not Found
3:115  0:000  '\EFI\CLOVER\smbios.plist' not loaded. Efi error Not Found
3:115  0:000  Using latest BiosVersion from config instead of default 'MBP151.88Z.F000.B00.2107050205'
3:115  0:000  Using latest BiosReleaseDate from config instead of default '07/05/2021'
3:115  0:000  Using latest EfiVersion from config instead of default '715.0.57.0.0'
3:115  0:000  BiosVersion: MBP151.88Z.F000.B00.2110032010
3:115  0:000  BiosReleaseDate: 10/03/2021
3:115  0:000  EfiVersion: 1715.40.15.0.0
3:115  0:000  Calibrated TSC Frequency = 1800254790 = 1800MHz
3:115  0:000  === [ GetListOfThemes ] =========================
3:116  0:001  - [00]: VNOH
3:118  0:002  === [ Found config plists ] =====================
3:118  0:000  - config.plist
3:118  0:000  === [ LoadDrivers ] =============================
3:120  0:002  Loading FSInject.efi status=Success
3:149  0:028  Loading HFSPlus.efi status=Success
3:162  0:013   - driver needs connecting
3:162  0:000  Loading ApfsDriverLoader.efi status=Success
3:175  0:013   - driver needs connecting
3:175  0:000  2 drivers needs connecting ...
3:175  0:000  PlatformDriverOverrideProtocol not found. Installing ... Success
3:175  0:000  HFS+ driver loaded
3:175  0:000  APFS driver loaded
3:175  0:000  Searching for invalid DiskIo BY_DRIVER connects: not found, all ok
5:200  2:024  === [ InitScreen ] ==============================
5:200  0:000  Console modes reported: 4, available modes:
5:200  0:000   - [01]: 80x25
5:200  0:000   - [02]: 80x50
5:200  0:000   - [03]: 100x31
5:200  0:000   - [04]: 240x56 (current mode)
5:200  0:000  SetMaxResolution: found best mode 4: 1920x1080
5:200  0:000   - already set
5:200  0:000  Using embedded font
5:201  0:000  === [ ScanSPD ] =================================
5:202  0:000  Scanning SMBus [8086:9DA3], mmio: 0xA4426004, ioport: 0xEFA0, hostc: 0x11
5:220  0:018  Not using XMP because it is not present
5:220  0:000  Slot: 0 Type 26 4096MB 2666MHz Vendor=SK Hynix PartNo=HMA851S6CJR6N-VK SerialNo=2D31FCD7
5:238  0:018  Not using XMP because it is not present
5:238  0:000  Slot: 2 Type 26 4096MB 2400MHz Vendor=Kingston PartNo=9905711-007.A00G SerialNo=8725DD42
5:239  0:000  === [ GetAcpiTablesList ] =======================
5:239  0:000  Get Acpi Tables List from RSDT:
5:239  0:000   - [00]: FACP  CBX3    len=132
5:239  0:000   - [01]: APIC  CBX3    len=188
5:239  0:000   - [02]: FPDT  CBX3    len=68
5:239  0:000   - [03]: FIDT  CBX3    len=156
5:239  0:000   - [04]: MCFG  CBX3    len=60
5:239  0:000   - [05]: SSDT  CpuSsdt len=6940
5:239  0:000   - [06]: BOOT  CBX3     len=40
5:239  0:000   - [07]: SSDT  SaSsdt  len=12742
5:239  0:000   - [08]: HPET  CBX3    len=56
5:239  0:000   - [09]: SSDT  xh_whld4 len=16704
5:239  0:000   - [10]: UEFI  CBX3    len=66
5:239  0:000   - [11]: LPIT  CBX3    len=92
5:239  0:000   - [12]: SSDT  PtidDevc len=3115
5:239  0:000   - [13]: SSDT  TbtTypeC len=5346
5:239  0:000   - [14]: DBGP  CBX3    len=52
5:239  0:000   - [15]: DBG2  CBX3    len=84
5:239  0:000   - [16]: SSDT  UsbCTabl len=2013
5:239  0:000   - [17]: SSDT  DptfTabl len=18888
5:239  0:000   - [18]: MSDM  CBX3    len=85
5:239  0:000   - [19]: SLIC  CBX3    len=374
5:239  0:000   - [20]: DMAR  EDK2     len=168
5:239  0:000   - [21]: SSDT  ADebTabl len=324
5:239  0:000   - [22]: SSDT  SgRpSsdt len=1464
5:239  0:000   - [23]: NHLT  EDK2     len=45
5:239  0:000   - [24]: TPM2  CBX3    len=52
5:239  0:000   - [25]: SSDT  OptTabl len=8149
5:239  0:000   - [26]: BGRT   len=56
5:239  0:000   - [00]: Drop table : ,                0 :  yes
5:239  0:000   - [01]: Drop table : DMAR,                0 :  yes
5:239  0:000   - [02]: Drop table : SSDT, 30317076725f6878 :  no
5:239  0:000  Custom boot CUSTOM_BOOT_DISABLED (0x0)
5:239  0:000  Sub entry custom boot CUSTOM_BOOT_DISABLED (0x6879FC90)
5:239  0:000  Sub entry custom boot CUSTOM_BOOT_DISABLED (0x6879E410)
5:239  0:000  Default theme: VNOH
5:240  0:000  === [ Found DSDT tables ] =======================
5:242  0:002  === [ InitKextList ] ============================
5:310  0:067  === [ ScanVolumes ] =============================
5:310  0:000  Found 18 volumes with blockIO
5:310  0:000  - [00]: Volume: PciRoot(0x0)\Pci(0x14,0x0)\USB(0xD,0x0)
5:310  0:000  - [01]: Volume: PciRoot(0x0)\Pci(0x14,0x0)\USB(0xD,0x0)\HD(1,GPT,BCD48A1E-02A9-4AB3-82B6-AB3BBC2FABC0,0x28,0x64000)
5:311  0:000          Result of bootcode detection: bootable unknown (legacy)
5:311  0:000            label : EFI
5:311  0:000          This is SelfVolume !!
5:311  0:000  - [02]: Volume: PciRoot(0x0)\Pci(0x14,0x0)\USB(0xD,0x0)\HD(2,GPT,B0846DB7-7D35-4636-8FB4-03E9BA5BE259,0x64028,0x1B4C8C8)
5:311  0:000            label : Install macOS Big Sur
5:311  0:000  - [03]: Volume: PciRoot(0x0)\Pci(0x17,0x0)\Sata(0x0,0xFFFF,0x0)
5:312  0:000  - [04]: Volume: PciRoot(0x0)\Pci(0x17,0x0)\Sata(0x0,0xFFFF,0x0)\HD(1,GPT,E2D3398F-1652-4072-9F3A-38EFF0B8DC0F,0x28,0x64000)
5:312  0:000          Result of bootcode detection: bootable unknown (legacy)
5:319  0:006            label : EFI
5:319  0:000  - [05]: Volume: PciRoot(0x0)\Pci(0x17,0x0)\Sata(0x0,0xFFFF,0x0)\HD(2,GPT,00000005-1930-AA1F-00F8-D7010A000000,0x64800,0x7D47000)
5:319  0:000          Result of bootcode detection: bootable Windows (win)
5:319  0:000            label : Unknown HD2
5:319  0:000  - [06]: Volume: PciRoot(0x0)\Pci(0x17,0x0)\Sata(0x0,0xFFFF,0x0)\HD(3,GPT,50F2D44A-A7C8-4FFB-8370-4A7943A7DFF0,0x7DABCD8,0x141787B0)
5:320  0:000          Result of bootcode detection: bootable unknown (legacy)
5:320  0:000  - [07]: Volume: PciRoot(0x0)\Pci(0x1D,0x4)\Pci(0x0,0x0)\NVMe(0x1,39-31-33-4E-33-33-54-52)
5:321  0:000  - [08]: Volume: PciRoot(0x0)\Pci(0x1D,0x4)\Pci(0x0,0x0)\NVMe(0x1,39-31-33-4E-33-33-54-52)\HD(1,GPT,A222827F-A249-4D69-B8A5-D5915350225A,0x800,0x32000)
5:321  0:000          Result of bootcode detection: bootable Windows (vista,win)
5:321  0:000            label : EFI
5:321  0:000  - [09]: Volume: PciRoot(0x0)\Pci(0x1D,0x4)\Pci(0x0,0x0)\NVMe(0x1,39-31-33-4E-33-33-54-52)\HD(2,GPT,AB845043-C2EE-4686-AB00-5F93A1AEB2C1,0x32800,0x8000)
5:321  0:000  - [10]: Volume: PciRoot(0x0)\Pci(0x1D,0x4)\Pci(0x0,0x0)\NVMe(0x1,39-31-33-4E-33-33-54-52)\HD(3,GPT,0E259699-D493-4237-B36E-25CA0EB960A5,0x3A800,0xED4286E)
5:321  0:000          Result of bootcode detection: bootable Windows (vista,win)
5:321  0:000            label : Unknown HD3
5:321  0:000  - [11]: Volume: PciRoot(0x0)\Pci(0x1D,0x4)\Pci(0x0,0x0)\NVMe(0x1,39-31-33-4E-33-33-54-52)\HD(4,GPT,86FA9629-E78F-4774-AD51-DFB0D8D67185,0xED7D800,0xFE000)
5:321  0:000          Result of bootcode detection: bootable Windows (vista,win)
5:321  0:000            label : Unknown HD4
5:321  0:000  - [12]: Volume: PciRoot(0x0)\Pci(0x17,0x0)\Sata(0x0,0xFFFF,0x0)\HD(3,GPT,50F2D44A-A7C8-4FFB-8370-4A7943A7DFF0,0x7DABCD8,0x141787B0)\VenMedia(BE74FCF7-0B7C-49F3-9147-01F4042E6842,B27EB69BF442FB4CAC89A9C12E719EF7)
5:321  0:000            apfsFileSystemUUID=9BB67EB2-42F4-4CFB-AC89-A9C12E719EF7, ApfsContainerUUID=A7377F82-3677-43B5-83D0-55AC32A6C796, ApfsRole=0x10
5:323  0:001            label : Preboot
5:323  0:000  - [13]: Volume: PciRoot(0x0)\Pci(0x17,0x0)\Sata(0x0,0xFFFF,0x0)\HD(3,GPT,50F2D44A-A7C8-4FFB-8370-4A7943A7DFF0,0x7DABCD8,0x141787B0)\VenMedia(BE74FCF7-0B7C-49F3-9147-01F4042E6842,E70B7DB70182BC4DA64E61B74E9B795C)
5:323  0:000            apfsFileSystemUUID=B77D0BE7-8201-4DBC-A64E-61B74E9B795C, ApfsContainerUUID=A7377F82-3677-43B5-83D0-55AC32A6C796, ApfsRole=0x40
5:323  0:000            label : MAC-OS - Data
5:323  0:000  - [14]: Volume: PciRoot(0x0)\Pci(0x17,0x0)\Sata(0x0,0xFFFF,0x0)\HD(3,GPT,50F2D44A-A7C8-4FFB-8370-4A7943A7DFF0,0x7DABCD8,0x141787B0)\VenMedia(BE74FCF7-0B7C-49F3-9147-01F4042E6842,458110347B296C4F8AA36F27564FC80B)
5:323  0:000            apfsFileSystemUUID=34108145-297B-4F6C-8AA3-6F27564FC80B, ApfsContainerUUID=A7377F82-3677-43B5-83D0-55AC32A6C796, ApfsRole=0x4
5:323  0:000            label : Recovery
5:323  0:000          hiding this volume
5:323  0:000  - [15]: Volume: PciRoot(0x0)\Pci(0x17,0x0)\Sata(0x0,0xFFFF,0x0)\HD(3,GPT,50F2D44A-A7C8-4FFB-8370-4A7943A7DFF0,0x7DABCD8,0x141787B0)\VenMedia(BE74FCF7-0B7C-49F3-9147-01F4042E6842,802AFBE950EED2478EFEB4F53240F4BD)
5:323  0:000            apfsFileSystemUUID=E9FB2A80-EE50-47D2-8EFE-B4F53240F4BD, ApfsContainerUUID=A7377F82-3677-43B5-83D0-55AC32A6C796, ApfsRole=0x8
5:323  0:000            label : VM
5:323  0:000  - [16]: Volume: PciRoot(0x0)\Pci(0x17,0x0)\Sata(0x0,0xFFFF,0x0)\HD(3,GPT,50F2D44A-A7C8-4FFB-8370-4A7943A7DFF0,0x7DABCD8,0x141787B0)\VenMedia(BE74FCF7-0B7C-49F3-9147-01F4042E6842,D3BBB9A512BD63408E3FF852E30A356D)
5:323  0:000            apfsFileSystemUUID=A5B9BBD3-BD12-4063-8E3F-F852E30A356D, ApfsContainerUUID=A7377F82-3677-43B5-83D0-55AC32A6C796, ApfsRole=0x1
5:323  0:000            label : MAC-OS
5:323  0:000  - [17]: Volume: PciRoot(0x0)\Pci(0x17,0x0)\Sata(0x0,0xFFFF,0x0)\HD(3,GPT,50F2D44A-A7C8-4FFB-8370-4A7943A7DFF0,0x7DABCD8,0x141787B0)\VenMedia(BE74FCF7-0B7C-49F3-9147-01F4042E6842,37670D33EF52B241A86E8969767FCF1B)
5:323  0:000            apfsFileSystemUUID=330D6737-52EF-41B2-A86E-8969767FCF1B, ApfsContainerUUID=A7377F82-3677-43B5-83D0-55AC32A6C796, ApfsRole=0xc0
5:323  0:000            label : Update
5:323  0:000  No AudioIoProtocols, status=Not Found
5:324  0:000  === [ InitXTheme ] ==============================
5:324  0:000  use Daylight theme
5:328  0:003  Using theme 'VNOH' (VNOH)
5:328  0:000  chosen theme VNOH
5:328  0:000  OS main and drive as badge
5:459  0:131  sound play end with status=Device Error
5:460  0:001  theme inited
5:460  0:000  Chosen theme VNOH
5:460  0:000  after NVRAM boot-args=keepsyms=1 debug=0x100 dart=0 nv_disable=1 -disablegfxfirmware -cdfon -igfxnohdmi -v alcid=3 -igfxblr
5:460  0:000  === [ Dump SMC keys from NVRAM ] ================
5:460  0:000  no AppleSMC protocol
5:473  0:013     fakesmc-key-$Adr-ui32:00 00 03 00 
5:474  0:000     fakesmc-key-BEMB-flag:01 
5:474  0:000     fakesmc-key-BBIN-ui8:01 
5:474  0:000     fakesmc-key-MSFW-ui8:01 00 
5:485  0:010  === [ AddCustomEntries ] ========================
5:485  0:000  - [00]: 'Recovery'
5:485  0:000      Checking volume "EFI" (PciRoot(0x0)\Pci(0x14,0x0)\USB(0xD,0x0)\HD(1,GPT,BCD48A1E-02A9-4AB3-82B6-AB3BBC2FABC0,0x28,0x64000)) ... skipped because path '\com.apple.recovery.boot\boot.efi' does not exist
5:485  0:000      Checking volume "Install macOS Big Sur" (PciRoot(0x0)\Pci(0x14,0x0)\USB(0xD,0x0)\HD(2,GPT,B0846DB7-7D35-4636-8FB4-03E9BA5BE259,0x64028,0x1B4C8C8)) ... skipped because path '\com.apple.recovery.boot\boot.efi' does not exist
5:485  0:000      Checking volume "EFI" (PciRoot(0x0)\Pci(0x17,0x0)\Sata(0x0,0xFFFF,0x0)\HD(1,GPT,E2D3398F-1652-4072-9F3A-38EFF0B8DC0F,0x28,0x64000)) ... skipped because path '\com.apple.recovery.boot\boot.efi' does not exist
5:488  0:002      Checking volume "Unknown HD2" (PciRoot(0x0)\Pci(0x17,0x0)\Sata(0x0,0xFFFF,0x0)\HD(2,GPT,00000005-1930-AA1F-00F8-D7010A000000,0x64800,0x7D47000)) ... skipped because path '\com.apple.recovery.boot\boot.efi' does not exist
5:488  0:000      Checking volume "EFI" (PciRoot(0x0)\Pci(0x1D,0x4)\Pci(0x0,0x0)\NVMe(0x1,39-31-33-4E-33-33-54-52)\HD(1,GPT,A222827F-A249-4D69-B8A5-D5915350225A,0x800,0x32000)) ... skipped because path '\com.apple.recovery.boot\boot.efi' does not exist
5:488  0:000      Checking volume "Unknown HD3" (PciRoot(0x0)\Pci(0x1D,0x4)\Pci(0x0,0x0)\NVMe(0x1,39-31-33-4E-33-33-54-52)\HD(3,GPT,0E259699-D493-4237-B36E-25CA0EB960A5,0x3A800,0xED4286E)) ... skipped because path '\com.apple.recovery.boot\boot.efi' does not exist
5:488  0:000      Checking volume "Unknown HD4" (PciRoot(0x0)\Pci(0x1D,0x4)\Pci(0x0,0x0)\NVMe(0x1,39-31-33-4E-33-33-54-52)\HD(4,GPT,86FA9629-E78F-4774-AD51-DFB0D8D67185,0xED7D800,0xFE000)) ... skipped because path '\com.apple.recovery.boot\boot.efi' does not exist
5:488  0:000      Checking volume "Preboot" (PciRoot(0x0)\Pci(0x17,0x0)\Sata(0x0,0xFFFF,0x0)\HD(3,GPT,50F2D44A-A7C8-4FFB-8370-4A7943A7DFF0,0x7DABCD8,0x141787B0)\VenMedia(BE74FCF7-0B7C-49F3-9147-01F4042E6842,B27EB69BF442FB4CAC89A9C12E719EF7)) ... skipped because path '\com.apple.recovery.boot\boot.efi' does not exist
5:488  0:000      Checking volume "MAC-OS - Data" (PciRoot(0x0)\Pci(0x17,0x0)\Sata(0x0,0xFFFF,0x0)\HD(3,GPT,50F2D44A-A7C8-4FFB-8370-4A7943A7DFF0,0x7DABCD8,0x141787B0)\VenMedia(BE74FCF7-0B7C-49F3-9147-01F4042E6842,E70B7DB70182BC4DA64E61B74E9B795C)) ... skipped because path '\com.apple.recovery.boot\boot.efi' does not exist
5:488  0:000      Checking volume "Recovery" (PciRoot(0x0)\Pci(0x17,0x0)\Sata(0x0,0xFFFF,0x0)\HD(3,GPT,50F2D44A-A7C8-4FFB-8370-4A7943A7DFF0,0x7DABCD8,0x141787B0)\VenMedia(BE74FCF7-0B7C-49F3-9147-01F4042E6842,458110347B296C4F8AA36F27564FC80B)) ... skipped because volume is hidden
5:488  0:000      Checking volume "VM" (PciRoot(0x0)\Pci(0x17,0x0)\Sata(0x0,0xFFFF,0x0)\HD(3,GPT,50F2D44A-A7C8-4FFB-8370-4A7943A7DFF0,0x7DABCD8,0x141787B0)\VenMedia(BE74FCF7-0B7C-49F3-9147-01F4042E6842,802AFBE950EED2478EFEB4F53240F4BD)) ... skipped because path '\com.apple.recovery.boot\boot.efi' does not exist
5:488  0:000      Checking volume "MAC-OS" (PciRoot(0x0)\Pci(0x17,0x0)\Sata(0x0,0xFFFF,0x0)\HD(3,GPT,50F2D44A-A7C8-4FFB-8370-4A7943A7DFF0,0x7DABCD8,0x141787B0)\VenMedia(BE74FCF7-0B7C-49F3-9147-01F4042E6842,D3BBB9A512BD63408E3FF852E30A356D)) ... skipped because path '\com.apple.recovery.boot\boot.efi' does not exist
5:488  0:000      Checking volume "Update" (PciRoot(0x0)\Pci(0x17,0x0)\Sata(0x0,0xFFFF,0x0)\HD(3,GPT,50F2D44A-A7C8-4FFB-8370-4A7943A7DFF0,0x7DABCD8,0x141787B0)\VenMedia(BE74FCF7-0B7C-49F3-9147-01F4042E6842,37670D33EF52B241A86E8969767FCF1B)) ... skipped because path '\com.apple.recovery.boot\boot.efi' does not exist
5:488  0:000  - [00]: 'Windows'
5:488  0:000      Checking volume "EFI" (PciRoot(0x0)\Pci(0x14,0x0)\USB(0xD,0x0)\HD(1,GPT,BCD48A1E-02A9-4AB3-82B6-AB3BBC2FABC0,0x28,0x64000)) ... skipped because path '\EFI\Microsoft\Boot\bootmgfw.efi' does not exist
5:488  0:000      Checking volume "Install macOS Big Sur" (PciRoot(0x0)\Pci(0x14,0x0)\USB(0xD,0x0)\HD(2,GPT,B0846DB7-7D35-4636-8FB4-03E9BA5BE259,0x64028,0x1B4C8C8)) ... skipped because path '\EFI\Microsoft\Boot\bootmgfw.efi' does not exist
5:488  0:000      Checking volume "EFI" (PciRoot(0x0)\Pci(0x17,0x0)\Sata(0x0,0xFFFF,0x0)\HD(1,GPT,E2D3398F-1652-4072-9F3A-38EFF0B8DC0F,0x28,0x64000)) ... skipped because path '\EFI\Microsoft\Boot\bootmgfw.efi' does not exist
5:491  0:002      Checking volume "Unknown HD2" (PciRoot(0x0)\Pci(0x17,0x0)\Sata(0x0,0xFFFF,0x0)\HD(2,GPT,00000005-1930-AA1F-00F8-D7010A000000,0x64800,0x7D47000)) ... skipped because path '\EFI\Microsoft\Boot\bootmgfw.efi' does not exist
5:491  0:000      Checking volume "EFI" (PciRoot(0x0)\Pci(0x1D,0x4)\Pci(0x0,0x0)\NVMe(0x1,39-31-33-4E-33-33-54-52)\HD(1,GPT,A222827F-A249-4D69-B8A5-D5915350225A,0x800,0x32000)) ... match!
5:492  0:001        OSVersion= 
5:492  0:000        IconName=vista,win comma=5 size=9
5:492  0:000        first=os_vista
5:492  0:000        Loader entry created for 'PciRoot(0x0)\Pci(0x1D,0x4)\Pci(0x0,0x0)\NVMe(0x1,39-31-33-4E-33-33-54-52)\HD(1,GPT,A222827F-A249-4D69-B8A5-D5915350225A,0x800,0x32000)\EFI\Microsoft\Boot\bootmgfw.efi'
5:493  0:000      Checking volume "Unknown HD3" (PciRoot(0x0)\Pci(0x1D,0x4)\Pci(0x0,0x0)\NVMe(0x1,39-31-33-4E-33-33-54-52)\HD(3,GPT,0E259699-D493-4237-B36E-25CA0EB960A5,0x3A800,0xED4286E)) ... skipped because path '\EFI\Microsoft\Boot\bootmgfw.efi' does not exist
5:493  0:000      Checking volume "Unknown HD4" (PciRoot(0x0)\Pci(0x1D,0x4)\Pci(0x0,0x0)\NVMe(0x1,39-31-33-4E-33-33-54-52)\HD(4,GPT,86FA9629-E78F-4774-AD51-DFB0D8D67185,0xED7D800,0xFE000)) ... skipped because path '\EFI\Microsoft\Boot\bootmgfw.efi' does not exist
5:493  0:000      Checking volume "Preboot" (PciRoot(0x0)\Pci(0x17,0x0)\Sata(0x0,0xFFFF,0x0)\HD(3,GPT,50F2D44A-A7C8-4FFB-8370-4A7943A7DFF0,0x7DABCD8,0x141787B0)\VenMedia(BE74FCF7-0B7C-49F3-9147-01F4042E6842,B27EB69BF442FB4CAC89A9C12E719EF7)) ... skipped because path '\EFI\Microsoft\Boot\bootmgfw.efi' does not exist
5:493  0:000      Checking volume "MAC-OS - Data" (PciRoot(0x0)\Pci(0x17,0x0)\Sata(0x0,0xFFFF,0x0)\HD(3,GPT,50F2D44A-A7C8-4FFB-8370-4A7943A7DFF0,0x7DABCD8,0x141787B0)\VenMedia(BE74FCF7-0B7C-49F3-9147-01F4042E6842,E70B7DB70182BC4DA64E61B74E9B795C)) ... skipped because path '\EFI\Microsoft\Boot\bootmgfw.efi' does not exist
5:493  0:000      Checking volume "Recovery" (PciRoot(0x0)\Pci(0x17,0x0)\Sata(0x0,0xFFFF,0x0)\HD(3,GPT,50F2D44A-A7C8-4FFB-8370-4A7943A7DFF0,0x7DABCD8,0x141787B0)\VenMedia(BE74FCF7-0B7C-49F3-9147-01F4042E6842,458110347B296C4F8AA36F27564FC80B)) ... skipped because volume is hidden
5:493  0:000      Checking volume "VM" (PciRoot(0x0)\Pci(0x17,0x0)\Sata(0x0,0xFFFF,0x0)\HD(3,GPT,50F2D44A-A7C8-4FFB-8370-4A7943A7DFF0,0x7DABCD8,0x141787B0)\VenMedia(BE74FCF7-0B7C-49F3-9147-01F4042E6842,802AFBE950EED2478EFEB4F53240F4BD)) ... skipped because path '\EFI\Microsoft\Boot\bootmgfw.efi' does not exist
5:493  0:000      Checking volume "MAC-OS" (PciRoot(0x0)\Pci(0x17,0x0)\Sata(0x0,0xFFFF,0x0)\HD(3,GPT,50F2D44A-A7C8-4FFB-8370-4A7943A7DFF0,0x7DABCD8,0x141787B0)\VenMedia(BE74FCF7-0B7C-49F3-9147-01F4042E6842,D3BBB9A512BD63408E3FF852E30A356D)) ... skipped because path '\EFI\Microsoft\Boot\bootmgfw.efi' does not exist
5:493  0:000      Checking volume "Update" (PciRoot(0x0)\Pci(0x17,0x0)\Sata(0x0,0xFFFF,0x0)\HD(3,GPT,50F2D44A-A7C8-4FFB-8370-4A7943A7DFF0,0x7DABCD8,0x141787B0)\VenMedia(BE74FCF7-0B7C-49F3-9147-01F4042E6842,37670D33EF52B241A86E8969767FCF1B)) ... skipped because path '\EFI\Microsoft\Boot\bootmgfw.efi' does not exist
5:493  0:000  === [ ScanLoader ] ==============================
5:493  0:000  - [01]: 'EFI'
5:494  0:001        AddLoaderEntry for Volume Name=EFI, idx=1
5:494  0:000        OSVersion= 
5:494  0:000        IconName=unknown comma=-1 size=7
5:494  0:000        Full=unknown
5:494  0:000        Loader entry created for 'PciRoot(0x0)\Pci(0x14,0x0)\USB(0xD,0x0)\HD(1,GPT,BCD48A1E-02A9-4AB3-82B6-AB3BBC2FABC0,0x28,0x64000)\EFI\BOOT\BOOTX64.efi'
5:494  0:000        Menu entry added at index 1
5:494  0:000       hiding entry because DiskKind is DISK_KIND_EXTERNAL: \EFI\BOOT\BOOTX64.efi
5:494  0:000  - [02]: 'Install macOS Big Sur'
5:495  0:000        AddLoaderEntry for Volume Name=Install macOS Big Sur, idx=2
5:497  0:001        OSVersion=11.6.1 
5:497  0:000        IconName=bigsur,mac comma=6 size=10
5:497  0:000        first=os_bigsur
5:497  0:000        Loader entry created for 'PciRoot(0x0)\Pci(0x14,0x0)\USB(0xD,0x0)\HD(2,GPT,B0846DB7-7D35-4636-8FB4-03E9BA5BE259,0x64028,0x1B4C8C8)\System\Library\CoreServices\boot.efi'
5:498  0:000        Menu entry added at index 2
5:498  0:000  - [04]: 'EFI'
5:591  0:092        AddLoaderEntry for Volume Name=EFI, idx=3
5:591  0:000        OSVersion= 
5:591  0:000        IconName=unknown comma=-1 size=7
5:591  0:000        Full=unknown
5:591  0:000        Loader entry created for 'PciRoot(0x0)\Pci(0x17,0x0)\Sata(0x0,0xFFFF,0x0)\HD(1,GPT,E2D3398F-1652-4072-9F3A-38EFF0B8DC0F,0x28,0x64000)\EFI\BOOT\BOOTX64.efi'
5:591  0:000        Menu entry added at index 3
5:591  0:000       hiding entry because DiskKind is DISK_KIND_INTERNAL: \EFI\BOOT\BOOTX64.efi
5:591  0:000  - [05]: 'Unknown HD2'
5:591  0:000  - [08]: 'EFI'
5:592  0:001        AddLoaderEntry for Volume Name=EFI, idx=4
5:592  0:000        skipped because path `PciRoot(0x0)\Pci(0x1D,0x4)\Pci(0x0,0x0)\NVMe(0x1,39-31-33-4E-33-33-54-52)\HD(1,GPT,A222827F-A249-4D69-B8A5-D5915350225A,0x800,0x32000)\EFI\microsoft\Boot\bootmgfw.efi` already exists for another entry!
5:593  0:000        AddLoaderEntry for Volume Name=EFI, idx=4
5:593  0:000        OSVersion= 
5:593  0:000        IconName=unknown comma=-1 size=7
5:593  0:000        Full=unknown
5:593  0:000        Loader entry created for 'PciRoot(0x0)\Pci(0x1D,0x4)\Pci(0x0,0x0)\NVMe(0x1,39-31-33-4E-33-33-54-52)\HD(1,GPT,A222827F-A249-4D69-B8A5-D5915350225A,0x800,0x32000)\EFI\BOOT\BOOTX64.efi'
5:593  0:000        Menu entry added at index 4
5:593  0:000       hiding entry because DiskKind is DISK_KIND_INTERNAL: \EFI\BOOT\BOOTX64.efi
5:593  0:000  - [10]: 'Unknown HD3'
5:594  0:000  - [11]: 'Unknown HD4'
5:594  0:000  - [12]: 'Preboot'
5:594  0:000      ApfsContainerUUID=A7377F82-3677-43B5-83D0-55AC32A6C796
5:594  0:000      ApfsFileSystemUUID=9BB67EB2-42F4-4CFB-AC89-A9C12E719EF7
5:594  0:000      APFSTargetUUID=B77D0BE7-8201-4DBC-A64E-61B74E9B795C
5:597  0:002        contentDetails name:MAC-OS
5:597  0:000        AddLoaderEntry for Volume Name=Preboot, idx=5
5:598  0:000        OSVersion=11.6 
5:598  0:000      hibernated: set as never
5:598  0:000        IconName=bigsur,mac comma=6 size=10
5:598  0:000        first=os_bigsur
5:598  0:000        Loader entry created for 'PciRoot(0x0)\Pci(0x17,0x0)\Sata(0x0,0xFFFF,0x0)\HD(3,GPT,50F2D44A-A7C8-4FFB-8370-4A7943A7DFF0,0x7DABCD8,0x141787B0)\VenMedia(BE74FCF7-0B7C-49F3-9147-01F4042E6842,B27EB69BF442FB4CAC89A9C12E719EF7)\B77D0BE7-8201-4DBC-A64E-61B74E9B795C\System\Library\CoreServices\boot.efi'
5:599  0:000        Menu entry added at index 5
5:599  0:000  - [13]: 'MAC-OS - Data'
5:599  0:000      ApfsContainerUUID=A7377F82-3677-43B5-83D0-55AC32A6C796
5:599  0:000      ApfsFileSystemUUID=B77D0BE7-8201-4DBC-A64E-61B74E9B795C
5:599  0:000  - [14]: 'Recovery'
5:599  0:000      ApfsContainerUUID=A7377F82-3677-43B5-83D0-55AC32A6C796
5:599  0:000      ApfsFileSystemUUID=34108145-297B-4F6C-8AA3-6F27564FC80B
5:599  0:000      APFSTargetUUID=B77D0BE7-8201-4DBC-A64E-61B74E9B795C
5:600  0:000        contentDetails name:MAC-OS
5:602  0:001        AddLoaderEntry for Volume Name=Recovery, idx=6
5:603  0:000        OSVersion=11.6 
5:603  0:000        IconName=bigsur,mac comma=6 size=10
5:603  0:000        first=os_bigsur
5:603  0:000        Loader entry created for 'PciRoot(0x0)\Pci(0x17,0x0)\Sata(0x0,0xFFFF,0x0)\HD(3,GPT,50F2D44A-A7C8-4FFB-8370-4A7943A7DFF0,0x7DABCD8,0x141787B0)\VenMedia(BE74FCF7-0B7C-49F3-9147-01F4042E6842,458110347B296C4F8AA36F27564FC80B)\B77D0BE7-8201-4DBC-A64E-61B74E9B795C\BaseSystem.dmg'
5:603  0:000       hiding entry because volume is hidden: \B77D0BE7-8201-4DBC-A64E-61B74E9B795C\BaseSystem.dmg
5:604  0:000        Menu entry added at index 6
5:604  0:000  - [15]: 'VM'
5:604  0:000      ApfsContainerUUID=A7377F82-3677-43B5-83D0-55AC32A6C796
5:604  0:000      ApfsFileSystemUUID=E9FB2A80-EE50-47D2-8EFE-B4F53240F4BD
5:604  0:000  - [16]: 'MAC-OS'
5:604  0:000      ApfsContainerUUID=A7377F82-3677-43B5-83D0-55AC32A6C796
5:604  0:000      ApfsFileSystemUUID=A5B9BBD3-BD12-4063-8E3F-F852E30A356D
5:604  0:000  - [17]: 'Update'
5:604  0:000      ApfsContainerUUID=A7377F82-3677-43B5-83D0-55AC32A6C796
5:604  0:000      ApfsFileSystemUUID=330D6737-52EF-41B2-A86E-8969767FCF1B
5:604  0:000  Entries list before ordering
5:604  0:000      Entry 0 : Boot Windows from EFI
5:604  0:000      Entry 1 : Boot UEFI external from EFI (hidden)
5:604  0:000      Entry 2 : Boot macOS Install from Install macOS Big Sur
5:604  0:000      Entry 3 : Boot UEFI internal from EFI (hidden)
5:604  0:000      Entry 4 : Boot UEFI internal from EFI (hidden)
5:604  0:000      Entry 5 : Boot Mac OS from MAC-OS via Preboot
5:604  0:000      Entry 6 : Boot Mac OS Recovery for MAC-OS via Recovery (hidden)
5:604  0:000  Entries after before ordering
5:604  0:000    Entry 0 : Boot Windows from EFI
5:604  0:000    Entry 1 : Boot UEFI external from EFI (hidden)
5:604  0:000    Entry 2 : Boot macOS Install from Install macOS Big Sur
5:604  0:000    Entry 3 : Boot UEFI internal from EFI (hidden)
5:604  0:000    Entry 4 : Boot UEFI internal from EFI (hidden)
5:604  0:000    Entry 5 : Boot Mac OS from MAC-OS via Preboot
5:604  0:000    Entry 6 : Boot Mac OS Recovery for MAC-OS via Recovery (hidden)
5:604  0:000  Scanning legacy ...
5:604  0:000      AddLegacyEntry:
5:604  0:000        FullTitle=
5:604  0:000        LoaderTitle=
5:604  0:000        Volume->LegacyOS->Name=Windows
5:604  0:000        Entry->Title=Boot Windows from Unknown HD2
5:604  0:000        IconName=win comma=-1 size=3
5:604  0:000        Full=win
5:605  0:000      AddLegacyEntry:
5:605  0:000        FullTitle=
5:605  0:000        LoaderTitle=
5:605  0:000        Volume->LegacyOS->Name=Windows
5:605  0:000        Entry->Title=Boot Windows from EFI
5:605  0:000        IconName=vista,win comma=5 size=9
5:605  0:000        first=os_vista
5:605  0:000      AddLegacyEntry:
5:605  0:000        FullTitle=
5:605  0:000        LoaderTitle=
5:605  0:000        Volume->LegacyOS->Name=Windows
5:605  0:000        Entry->Title=Boot Windows from Unknown HD3
5:605  0:000        IconName=vista,win comma=5 size=9
5:605  0:000        first=os_vista
5:605  0:000      AddLegacyEntry:
5:605  0:000        FullTitle=
5:605  0:000        LoaderTitle=
5:605  0:000        Volume->LegacyOS->Name=Windows
5:605  0:000        Entry->Title=Boot Windows from Unknown HD4
5:605  0:000        IconName=vista,win comma=5 size=9
5:605  0:000        first=os_vista
5:606  0:000  === [ AddCustomTool ] ===========================
5:609  0:002  === [ GetEfiBootDeviceFromNvram ] ===============
5:609  0:000  Got efi-boot-device-data size=156
5:609  0:000   - efi-boot-device-data: PciRoot(0x0)\Pci(0x1D,0x4)\Pci(0x0,0x0)\NVMe(0x1,39-31-33-4E-33-33-54-52)\HD(1,GPT,A222827F-A249-4D69-B8A5-D5915350225A,0x800,0x32000)\EFI\microsoft\Boot\bootmgfw.efi
5:609  0:000    - Volume: 'PciRoot(0x0)\Pci(0x1D,0x4)\Pci(0x0,0x0)\NVMe(0x1,39-31-33-4E-33-33-54-52)\HD(1,GPT,A222827F-A249-4D69-B8A5-D5915350225A,0x800,0x32000)'
5:609  0:000    - LoaderPath: '\EFI\microsoft\Boot\bootmgfw.efi'
5:609  0:000    - Guid = A222827F-A249-4D69-B8A5-D5915350225A
5:609  0:000  === [ FindStartupDiskVolume ] ===================
5:609  0:000    - Volume: partition = PciRoot(0x0)\Pci(0x1D,0x4)\Pci(0x0,0x0)\NVMe(0x1,39-31-33-4E-33-33-54-52)\HD(1,GPT,A222827F-A249-4D69-B8A5-D5915350225A,0x800,0x32000)
5:609  0:000     - searching for that partition and loader '\EFI\microsoft\Boot\bootmgfw.efi'
5:609  0:000    checking 'PciRoot(0x0)/Pci(0x1D,0x4)/Pci(0x0,0x0)/NVMe(0x1,39-31-33-4E-33-33-54-52)/HD(1,GPT,A222827F-A249-4D69-B8A5-D5915350225A,0x800,0x32000)'
5:609  0:000     '\EFI\Microsoft\Boot\bootmgfw.efi'
5:609  0:000      - found entry 0. 'Boot Windows from EFI', Volume 'EFI', '\EFI\Microsoft\Boot\bootmgfw.efi'
5:609  0:000  Boot redirected to Entry 0. 'Boot Windows from EFI'
5:609  0:000  BannerPlace at Clear Screen [928,288]
5:693  0:084  AnimeRun=0
5:702  0:009  GUI ready
29:514  23:811  BootVariable of the entry is empty
29:514  0:000  === [ StartLoader ] =============================
29:514  0:000  Starting PciRoot(0x0)\Pci(0x17,0x0)\Sata(0x0,0xFFFF,0x0)\HD(3,GPT,50F2D44A-A7C8-4FFB-8370-4A7943A7DFF0,0x7DABCD8,0x141787B0)\VenMedia(BE74FCF7-0B7C-49F3-9147-01F4042E6842,B27EB69BF442FB4CAC89A9C12E719EF7)\B77D0BE7-8201-4DBC-A64E-61B74E9B795C\System\Library\CoreServices\boot.efi
29:514  0:000  Finally: ExternalClock=26MHz BusSpeed=100015kHz CPUFreq=1800MHz PIS: hw.busfrequency=104000000Hz
29:514  0:000  Beginning OC
29:514  0:000  OCST: Missing vault data, ignoring...
29:514  0:000  config-oc.plist isn't used at all
29:514  0:000    Force kext: \System\Library\Extensions\IONetworkingFamily.kext
29:514  0:000  Failed to load extra kext : System\Library\Extensions\IONetworkingFamily.kext\Info.plist status=Not Found
29:514  0:000  AddKextsInArray from Other
29:514  0:000  ->Extra kext: Other\Lilu.kext (v.1.5.7)
29:514  0:000  ->Extra kext: Other\SmallTreeIntel82576.kext (v.1.2.5)
29:514  0:000  ->Extra kext: Other\AppleALC.kext (v.1.6.6)
29:514  0:000  ->Extra kext: Other\AtherosE2200Ethernet.kext (v.2.2.2)
29:514  0:000  ->Extra kext: Other\IntelMausi.kext (v.1.0.7)
29:514  0:000  ->Extra kext: Other\IntelSnowMausi.kext (v.1.0.7)
29:514  0:000  ->Extra kext: Other\SMCSuperIO.kext (v.1.2.7)
29:514  0:000  ->Extra kext: Other\NVMeFix.kext (v.1.0.9)
29:514  0:000  ->Extra kext: Other\WhateverGreen.kext (v.1.5.5)
29:514  0:000  ->Extra kext: Other\RealtekRTL8111.kext (v.2.2.2)
29:514  0:000  ->Extra kext: Other\SMCProcessor.kext (v.1.2.7)
29:514  0:000  ->Extra kext: Other\USBInjectAll.kext (v.0.7.7)
29:514  0:000  ->Extra kext: Other\VirtualSMC.kext (v.1.2.7)
29:514  0:000  ->Extra kext: Other\LucyRTL8125Ethernet.kext (v.1.1.0)
29:514  0:000  ->Extra kext: Other\VoodooPS2Controller.kext (v.2.2.7)
29:514  0:000      |-- PlugIn kext: Other\VoodooPS2Controller.kext\Contents\PlugIns\VoodooPS2Trackpad.kext (v.2.2.7)
29:514  0:000      |-- PlugIn kext: Other\VoodooPS2Controller.kext\Contents\PlugIns\VoodooPS2Keyboard.kext (v.2.2.7)
29:514  0:000      |-- PlugIn kext: Other\VoodooPS2Controller.kext\Contents\PlugIns\VoodooPS2Mouse.kext (v.2.2.7)
29:514  0:000      |-- PlugIn kext: Other\VoodooPS2Controller.kext\Contents\PlugIns\VoodooInput.kext (v.1.1.3)
29:514  0:000  ->Extra kext: Other\XHCI-unsupported.kext (v.0.9.2)
29:514  0:000  GetOtherKextsDir(false) return NULL
29:514  0:000  AddKextsInArray from 11
29:514  0:000  AddKextsInArray from 11_normal
29:514  0:000  AddKextsInArray from 11.6
29:514  0:000  AddKextsInArray from 11.6_normal
29:514  0:000  AddKextsInArray from 11.6.0
29:514  0:000  AddKextsInArray from 11.6.0_normal
29:514  0:000  Bridge kext to OC : Path=Lilu.kext
29:514  0:000  info plist path: Kexts\Other\Lilu.kext\Contents\Info.plist
29:514  0:000  assign executable as 'Contents\MacOS\Lilu'
29:514  0:000  Bridge kext to OC : Path=VirtualSMC.kext
29:514  0:000  info plist path: Kexts\Other\VirtualSMC.kext\Contents\Info.plist
29:517  0:002  assign executable as 'Contents\MacOS\VirtualSMC'
29:517  0:000  Bridge kext to OC : Path=WhateverGreen.kext
29:517  0:000  info plist path: Kexts\Other\WhateverGreen.kext\Contents\Info.plist
29:517  0:000  assign executable as 'Contents\MacOS\WhateverGreen'
29:517  0:000  Bridge kext to OC : Path=AppleALC.kext
29:517  0:000  info plist path: Kexts\Other\AppleALC.kext\Contents\Info.plist
29:539  0:021  assign executable as 'Contents\MacOS\AppleALC'
29:539  0:000  Bridge kext to OC : Path=IntelMausi.kext
29:539  0:000  info plist path: Kexts\Other\IntelMausi.kext\Contents\Info.plist
29:539  0:000  assign executable as 'Contents\MacOS\IntelMausi'
29:539  0:000  Bridge kext to OC : Path=SMCProcessor.kext
29:539  0:000  info plist path: Kexts\Other\SMCProcessor.kext\Contents\Info.plist
29:541  0:002  assign executable as 'Contents\MacOS\SMCProcessor'
29:541  0:000  Bridge kext to OC : Path=SMCSuperIO.kext
29:541  0:000  info plist path: Kexts\Other\SMCSuperIO.kext\Contents\Info.plist
29:543  0:001  assign executable as 'Contents\MacOS\SMCSuperIO'
29:543  0:000  Bridge kext to OC : Path=SmallTreeIntel82576.kext
29:543  0:000  info plist path: Kexts\Other\SmallTreeIntel82576.kext\Contents\Info.plist
29:544  0:001  assign executable as 'Contents\MacOS\SmallTreeIntel82576'
29:544  0:000  Bridge kext to OC : Path=AtherosE2200Ethernet.kext
29:544  0:000  info plist path: Kexts\Other\AtherosE2200Ethernet.kext\Contents\Info.plist
29:544  0:000  assign executable as 'Contents\MacOS\AtherosE2200Ethernet'
29:544  0:000  Bridge kext to OC : Path=IntelSnowMausi.kext
29:544  0:000  info plist path: Kexts\Other\IntelSnowMausi.kext\Contents\Info.plist
29:544  0:000  assign executable as 'Contents\MacOS\IntelSnowMausi'
29:544  0:000  Bridge kext to OC : Path=NVMeFix.kext
29:544  0:000  info plist path: Kexts\Other\NVMeFix.kext\Contents\Info.plist
29:544  0:000  assign executable as 'Contents\MacOS\NVMeFix'
29:544  0:000  Bridge kext to OC : Path=RealtekRTL8111.kext
29:544  0:000  info plist path: Kexts\Other\RealtekRTL8111.kext\Contents\Info.plist
29:544  0:000  assign executable as 'Contents\MacOS\RealtekRTL8111'
29:544  0:000  Bridge kext to OC : Path=USBInjectAll.kext
29:544  0:000  info plist path: Kexts\Other\USBInjectAll.kext\Contents\Info.plist
29:551  0:006  assign executable as 'Contents\MacOS\USBInjectAll'
29:551  0:000  Bridge kext to OC : Path=LucyRTL8125Ethernet.kext
29:551  0:000  info plist path: Kexts\Other\LucyRTL8125Ethernet.kext\Contents\Info.plist
29:553  0:002  assign executable as 'Contents\MacOS\LucyRTL8125Ethernet'
29:553  0:000  Bridge kext to OC : Path=VoodooPS2Controller.kext
29:553  0:000  info plist path: Kexts\Other\VoodooPS2Controller.kext\Contents\Info.plist
29:553  0:000  assign executable as 'Contents\MacOS\VoodooPS2Controller'
29:553  0:000  Bridge kext to OC : Path=VoodooPS2Trackpad.kext
29:553  0:000  info plist path: Kexts\Other\VoodooPS2Controller.kext\Contents\PlugIns\VoodooPS2Trackpad.kext\Contents\Info.plist
29:554  0:000  assign executable as 'Contents\MacOS\VoodooPS2Trackpad'
29:554  0:000  Bridge kext to OC : Path=VoodooPS2Keyboard.kext
29:554  0:000  info plist path: Kexts\Other\VoodooPS2Controller.kext\Contents\PlugIns\VoodooPS2Keyboard.kext\Contents\Info.plist
29:554  0:000  assign executable as 'Contents\MacOS\VoodooPS2Keyboard'
29:554  0:000  Bridge kext to OC : Path=VoodooPS2Mouse.kext
29:554  0:000  info plist path: Kexts\Other\VoodooPS2Controller.kext\Contents\PlugIns\VoodooPS2Mouse.kext\Contents\Info.plist
29:554  0:000  assign executable as 'Contents\MacOS\VoodooPS2Mouse'
29:554  0:000  Bridge kext to OC : Path=VoodooInput.kext
29:554  0:000  info plist path: Kexts\Other\VoodooPS2Controller.kext\Contents\PlugIns\VoodooInput.kext\Contents\Info.plist
29:554  0:000  assign executable as 'Contents\MacOS\VoodooInput'
29:554  0:000  Bridge kext to OC : Path=XHCI-unsupported.kext
29:554  0:000  info plist path: Kexts\Other\XHCI-unsupported.kext\Contents\Info.plist
29:554  0:000  TODO !!!!!!!! Bridge force kext to OC : \System\Library\Extensions\IONetworkingFamily.kext
29:584  0:029  Start 'OpenRuntime.efi' : Status Success
29:584  0:000  OC: OcMiscEarlyInit...
29:584  0:000  OC: OpenCore DBG-075-2021-11-02 is loading in Optional mode (0/0)...
29:584  0:000  OC: OcLoadNvramSupport...
29:584  0:000  OC: Current version is DBG-075-2021-11-02
29:584  0:000  OC: OcMiscMiddleInit...
29:584  0:000  OC: StorageHandle 0 with  LauncherOption pointing to 
29:584  0:000  OC: OcLoadUefiSupport...
29:585  0:000  OC: Invalid AppleInput AppleEvent setting , using Auto
29:585  0:000  OcAppleEventInstallProtocol
29:585  0:000  OCAE: Illegal PointerSpeedDiv value 0, using 1
29:585  0:000  InternalCreateQueueEvent
29:585  0:000  EventCreateSimplePointerInstallNotifyEvent
29:585  0:000  InternalSimplePointerInstallNotifyFunction
29:585  0:000  InternalRegisterSimplePointerInterface
29:585  0:000  InternalRegisterSimplePointerInterface
29:585  0:000  InternalRegisterSimplePointerInterface
29:585  0:000  OCAE: Builtin installed
29:585  0:000  OcOSInfoInstallProtocol
29:585  0:000  OCRTC: OcAppleRtcRamInstallProtocol
29:585  0:000  OCRTC: Wake log is 0x7C 0x0E  73 0x49
29:585  0:000  OcAppleFbInfoInstallProtocol
29:585  0:000  OcAppleEg2InfoInstallProtocol
29:585  0:000  OC: Loading Apple Secure Boot with Disabled (level 0)
29:585  0:000  OCABC: ALRBL 0 RTDFRG 1 DEVMMIO 0 NOSU 0 NOVRWR 0 NOSB 0 FBSIG 0 NOHBMAP 0 SMSLIDE 1 WRUNPROT 0
29:585  0:000  OCABC: FEXITBS 0 PRMRG 0 CSLIDE 1 MSLIDE 0 PRSRV 0 RBMAP 1 VMAP 0 APPLOS 0 RTPERMS 1 ARBAR -1
29:585  0:000  OCABC: Got rendezvous with OpenRuntime r12
29:585  0:000  OCABC: MAT support is 1
29:585  0:000  OC: RequestBootVarRouting 0
29:586  0:000  OC: Increasing GPU BARs to 0
29:586  0:000  OCDM: PCI device 1/24 has class 600000B
29:586  0:000  OCDM: PCI device 2/24 has class 3000000
29:586  0:000  OCDM: Setting RBAR to 0 inc 1 on 2/24
29:586  0:000  OCDM: Capability I/O error - Unsupported
29:586  0:000  OCDM: RBAR is unsupported by device - Device Error
29:586  0:000  OCDM: PCI device 3/24 has class 1180000B
29:586  0:000  OCDM: PCI device 4/24 has class 8800000
29:586  0:000  OCDM: PCI device 5/24 has class 11800030
29:586  0:000  OCDM: PCI device 6/24 has class 7000030
29:586  0:000  OCDM: PCI device 7/24 has class C033030
29:586  0:000  OCDM: PCI device 8/24 has class 5000030
29:586  0:000  OCDM: PCI device 9/24 has class 2800030
29:586  0:000  OCDM: PCI device 10/24 has class C800030
29:586  0:000  OCDM: PCI device 11/24 has class C800030
29:586  0:000  OCDM: PCI device 12/24 has class 7800030
29:586  0:000  OCDM: PCI device 13/24 has class 1060130
29:586  0:000  OCDM: PCI device 14/24 has class 60400F0
29:586  0:000  OCDM: PCI device 15/24 has class 60400F0
29:586  0:000  OCDM: PCI device 16/24 has class 30200A2
29:586  0:000  OCDM: Setting RBAR to 0 inc 1 on 16/24
29:586  0:000  OCDM: Capability I/O error - Unsupported
29:586  0:000  OCDM: RBAR is unsupported by device - Device Error
29:586  0:000  OCDM: PCI device 17/24 has class 60400F0
29:586  0:000  OCDM: PCI device 18/24 has class 2000015
29:586  0:000  OCDM: PCI device 19/24 has class 60400F0
29:586  0:000  OCDM: PCI device 20/24 has class 1080201
29:586  0:000  OCDM: PCI device 21/24 has class 6010030
29:586  0:000  OCDM: PCI device 22/24 has class 4038030
29:586  0:000  OCDM: PCI device 23/24 has class C050030
29:586  0:000  OCDM: PCI device 24/24 has class C800030
29:586  0:000  OC: Got 0 drivers
29:586  0:000  OCC: Installing GOP (Unsupported) on ConsoleOutHandle...
29:586  0:000  OC: Requested resolution is 0x0@0 (max: 0, force: 0) from 
29:586  0:000  OCC: Using builtin text renderer with 1 scale
29:588  0:001  OCC: Install console control (62C44B40/0/0), current - Success
29:588  0:000  OCC: Setup ASCII Output - Success
29:588  0:000  OC: Requested console mode is 0x0 (max: 0) from 
29:588  0:000  OC: Requested not to use audio
29:588  0:000  OC: OcLoadAcpiSupport...
29:588  0:000  OC: OcLoadAcpiSupport : nothing to do
29:588  0:000  OC: OcMiscLateInit...
29:588  0:000  OC: Invalid HibernateMode: 
29:588  0:000  OC: Translated HibernateMode  to 0
29:588  0:000  OC: Hibernation activation - Invalid Parameter, hibernation wake - no
29:588  0:000  OC: OcLoadKernelSupport...
29:588  0:000  OC: All green, starting boot management...
29:591  0:003  OCB: Arch filtering 6774A018(739896)->6774A018(739896) caps 4 - Success
29:592  0:000  ImageHandle = 679c4218
29:593  0:001  GetOSVersion: 11.6 (20G165)
29:593  0:000  Filtering KernelPatches:
29:593  0:000   - [00]: MSR 0xE2 _xcpm_idle instant reboot(c) Pike R. Alpha :: [OS: 11.6 | MatchOS: All | MatchBuild: no] ==> allowed by OS
29:593  0:000   - [01]: Disable panic kext logging on 10.13 release kernel (credit vit9696) :: [OS: 11.6 | MatchOS: 10.13.x | MatchBuild: no] ==> not allowed by OS
29:593  0:000   - [02]: Disable panic kext logging on 10.14 release kernel (credit vit9696) :: [OS: 11.6 | MatchOS: 10.14.x | MatchBuild: no] ==> not allowed by OS
29:593  0:000  Will not patch boot.efi
29:593  0:000  Bridge kernel patch to OC : MSR 0xE2 _xcpm_idle instant reboot(c) Pike R. Alpha
29:593  0:000  === [ PatchSmbios ] =============================
29:593  0:000  UpdateSmbiosString : BiosVersion=EfiVersion=1715.40.15.0.0
29:593  0:000  UpdateSmbiosString : ReleaseDate=10/03/2021
29:593  0:000  void PatchTableType1(const SmbiosInjectedSettings&) : UpdateSmbiosString ProductName=MacBookPro15,1
29:593  0:000  void PatchTableType2(const SmbiosInjectedSettings&) : UpdateSmbiosString ProductName=BoardNumber=Mac-937A206F2EE63C01
29:593  0:000  void PatchTableType2(const SmbiosInjectedSettings&) : UpdateSmbiosString Version=BoardVersion=MacBookPro15,1
29:593  0:000  insert table 9 for dev 0:0
29:593  0:000  insert table 9 for dev 14:3
29:593  0:000  Table 11 present, but rewritten for us
29:594  0:000  Do not inject memory table
29:594  0:000  Trusting SMBIOS...
29:594  0:000  Detected alternating SMBIOS channel banks
29:594  0:000  Channels: 2
29:594  0:000  Interleave: 0 2
29:594  0:000  trusted SMBIOS data, table index 0:
29:594  0:000    gRAM.SMBIOS[0]->ModuleSize = 4096
29:594  0:000    gRAM.SMBIOS[0]->Type = 0
29:594  0:000    gRAM.SMBIOS[0]->Frequency = 2667
29:594  0:000    gRAM.SMBIOS[0]->Vendor = 80AD000080AD
29:594  0:000    gRAM.SMBIOS[0]->PartNo = HMA851S6CJR6N-VK
29:594  0:000    gRAM.SMBIOS[0]->SerialNo = 2D31FCD7
29:594  0:000  SPD data in use:
29:594  0:000    gRAM.SPD[0]->ModuleSize = 4096
29:594  0:000    gRAM.SPD[0]->Type = 26
29:594  0:000    gRAM.SPD[0]->Frequency = 2666
29:594  0:000    gRAM.SPD[0]->Vendor = SK Hynix
29:594  0:000    gRAM.SPD[0]->SerialNo = 2D31FCD7
29:594  0:000    gRAM.SPD[0]->PartNo = HMA851S6CJR6N-VK
29:594  0:000    SMBIOS Type 17 Index = 0 => SMBIOSIndex=0 SPDIndex=0:
29:594  0:000  BANK 0 DIMM0 2667MHz 4096MB(Ext:0MB)
29:594  0:000  trusted SMBIOS data, table index 1:
29:594  0:000    gRAM.SMBIOS[1]->ModuleSize = 4096
29:594  0:000    gRAM.SMBIOS[1]->Type = 0
29:594  0:000    gRAM.SMBIOS[1]->Frequency = 2400
29:594  0:000    gRAM.SMBIOS[1]->Vendor = 01980000830B
29:594  0:000    gRAM.SMBIOS[1]->PartNo = 9905711-007.A00G
29:594  0:000    gRAM.SMBIOS[1]->SerialNo = 8725DD42
29:594  0:000  SPD data in use:
29:594  0:000    gRAM.SPD[2]->ModuleSize = 4096
29:594  0:000    gRAM.SPD[2]->Type = 26
29:594  0:000    gRAM.SPD[2]->Frequency = 2400
29:594  0:000    gRAM.SPD[2]->Vendor = Kingston
29:594  0:000    gRAM.SPD[2]->SerialNo = 8725DD42
29:594  0:000    gRAM.SPD[2]->PartNo = 9905711-007.A00G
29:594  0:000    SMBIOS Type 17 Index = 1 => SMBIOSIndex=1 SPDIndex=2:
29:594  0:000  BANK 1 DIMM0 2667MHz 4096MB(Ext:0MB)
29:594  0:000  mTotalSystemMemory = 8192
29:594  0:000  NumberOfMemoryDevices = 2
29:594  0:000  Type20[0]->End = 0x3FFFFF, Type17[0] = 1000
29:594  0:000  Type20[1]->End = 0x7FFFFF, Type17[1] = 3000
29:594  0:000  Table 131 is present, CPUType=31
29:594  0:000  Change to: 605
29:594  0:000  === [ PatchACPI ] ===============================
29:594  0:000  OCABC: AllocPages 1 0x6F32F000 (1) - Success
29:594  0:000  Xsdt reallocation done
29:594  0:000  OCABC: AllocPages 1 0x6F32E000 (1) - Success
29:594  0:000  old FADT length=114
29:594  0:000   SignatureFixup: 0xE3198375 -> 0x0
29:596  0:002  OCABC: AllocPages 1 0x629D9000 (79) - Success
29:596  0:000  Apply DsdtFixMask=0x00000000
29:596  0:000  === [ FixBiosDsdt ] =============================
29:597  0:000  Patching DSDT:
29:597  0:000   - [change _OSI to XOSI]: pattern 5F4F5349, patched at: [ (A4B1) ]
29:598  0:001  PreCleanup XSDT: count=27, length=252
29:598  0:000  PreCleanup XSDT, corrected XSDT: count=27, length=252
29:598  0:000  === [ ACPIPatchedAML ] ==========================
29:598  0:000  AutoMerge pass 1
29:598  0:000  Unsorted
29:598  0:000  Inserting SSDT-PLUG.aml from \EFI\CLOVER\ACPI\patched: ignore on pass 1
29:598  0:000  Inserting SSDT-AWAC.aml from \EFI\CLOVER\ACPI\patched: ignore on pass 1
29:598  0:000  Inserting SSDT-EC-USBX.aml from \EFI\CLOVER\ACPI\patched: ignore on pass 1
29:598  0:000  Inserting SSDT-PNLF.aml from \EFI\CLOVER\ACPI\patched: ignore on pass 1
29:598  0:000  Inserting SSDT-XOSI.aml from \EFI\CLOVER\ACPI\patched: ignore on pass 1
29:598  0:000  === [ ACPIDropTables ] ==========================
29:598  0:000  Drop tables from XSDT, SIGN=BGRT TableID= Length=56
29:598  0:000   Table[26]: BGRT    56 dropped
29:598  0:000  Drop tables from XSDT, SIGN=DMAR TableID=EDK2     Length=168
29:598  0:000   Table[20]: DMAR  EDK2      168 dropped
29:598  0:000  OCABC: AllocPages 1 0x6F32C000 (2) - Success
29:598  0:000  OCABC: AllocPages 1 0x6F32C000 (2) - Success
29:598  0:000  OCABC: AllocPages 1 0x6F32C000 (2) - Success
29:598  0:000  OCABC: AllocPages 1 0x6F32C000 (2) - Success
29:598  0:000  OCABC: AllocPages 1 0x6F329000 (3) - Success
29:598  0:000  Patching SSDTs: 1 patches each
29:598  0:000   pattern 5F4F5349, bin not found / already patched!
29:598  0:000  Found OperationRegion(PNVS, SystemMemory, 65296000, ...)
29:598  0:000  OCABC: AllocPages 1 0x6F327000 (2) - Success
29:598  0:000  OCABC: AllocPages 1 0x6F324000 (5) - Success
29:598  0:000  Patching SSDTs: 1 patches each
29:598  0:000   pattern 5F4F5349, bin not found / already patched!
29:598  0:000  Found OperationRegion(SANV, SystemMemory, 6F859C98, ...)
29:598  0:000  OCABC: AllocPages 1 0x6F322000 (2) - Success
29:598  0:000  OCABC: AllocPages 1 0x6F31E000 (6) - Success
29:598  0:000  Patching SSDTs: 1 patches each
29:598  0:000   pattern 5F4F5349, bin not found / already patched!
29:598  0:000  OCABC: AllocPages 1 0x6F31C000 (2) - Success
29:598  0:000  OCABC: AllocPages 1 0x6F31C000 (2) - Success
29:598  0:000  OCABC: AllocPages 1 0x6F31C000 (2) - Success
29:598  0:000  Patching SSDTs: 1 patches each
29:598  0:000   pattern 5F4F5349, bin not found / already patched!
29:598  0:000  OCABC: AllocPages 1 0x6F319000 (3) - Success
29:598  0:000  Patching SSDTs: 1 patches each
29:598  0:000   pattern 5F4F5349, bin not found / already patched!
29:598  0:000  OCABC: AllocPages 1 0x6F317000 (2) - Success
29:598  0:000  OCABC: AllocPages 1 0x6F317000 (2) - Success
29:598  0:000  OCABC: AllocPages 1 0x6F317000 (2) - Success
29:598  0:000  Patching SSDTs: 1 patches each
29:598  0:000   pattern 5F4F5349, bin not found / already patched!
29:598  0:000  OCABC: AllocPages 1 0x653B7000 (6) - Success
29:598  0:000  Patching SSDTs: 1 patches each
29:598  0:000   pattern 5F4F5349, bin not found / already patched!
29:599  0:000  OCABC: AllocPages 1 0x653B5000 (2) - Success
29:599  0:000  OCABC: AllocPages 1 0x653B5000 (2) - Success
29:599  0:000  OCABC: AllocPages 1 0x653B5000 (2) - Success
29:599  0:000  Patching SSDTs: 1 patches each
29:599  0:000   pattern 5F4F5349, bin not found / already patched!
29:599  0:000  Found OperationRegion(ADHD, SystemMemory, 6EE64000, ...)
29:599  0:000  Found OperationRegion(ABLK, SystemMemory, 6EE64020, ...)
29:599  0:000  OCABC: AllocPages 1 0x653B3000 (2) - Success
29:599  0:000  Patching SSDTs: 1 patches each
29:599  0:000   pattern 5F4F5349, bin not found / already patched!
29:599  0:000  OCABC: AllocPages 1 0x653B1000 (2) - Success
29:599  0:000  OCABC: AllocPages 1 0x653B1000 (2) - Success
29:599  0:000  OCABC: AllocPages 1 0x653B0000 (3) - Success
29:599  0:000  Patching SSDTs: 1 patches each
29:599  0:000   pattern 5F4F5349, bin not found / already patched!
29:599  0:000  === [ ACPIPatchedAML ] ==========================
29:599  0:000  AutoMerge pass 2
29:599  0:000  Unsorted
29:599  0:000  Inserting SSDT-PLUG.aml from \EFI\CLOVER\ACPI\patched: size=693 OCABC: AllocPages 1 0x653AF000 (1) - Success
... Success
29:600  0:000  Inserting SSDT-AWAC.aml from \EFI\CLOVER\ACPI\patched: size=73 OCABC: AllocPages 1 0x653AE000 (1) - Success
... Success
29:600  0:000  Inserting SSDT-EC-USBX.aml from \EFI\CLOVER\ACPI\patched: size=335 OCABC: AllocPages 1 0x629D8000 (1) - Success
... Success
29:600  0:000  Inserting SSDT-PNLF.aml from \EFI\CLOVER\ACPI\patched: size=1110 OCABC: AllocPages 1 0x629D7000 (1) - Success
... Success
29:600  0:000  Inserting SSDT-XOSI.aml from \EFI\CLOVER\ACPI\patched: size=421 OCABC: AllocPages 1 0x629D6000 (1) - Success
... Success
29:600  0:000  ApicCPUNum=1
29:600  0:000  Maximum control=0x12
29:600  0:000  Turbo control=0x27
29:600  0:000  P-States: min 0x4, max 0x27
29:600  0:000  SSDT with CPU P-States generated successfully
29:600  0:000  OCABC: AllocPages 1 0x629D5000 (1) - Success
29:600  0:000  SSDT with CPU C-States generated successfully
29:600  0:000  OCABC: AllocPages 1 0x629D4000 (1) - Success
29:600  0:000  Cleanup XSDT: count=34, length=308
29:600  0:000  corrected XSDT count=32, length=292
29:600  0:000  === [ RestSetup macOS ] =========================
29:600  0:000  EdidDiscovered size=128
29:600  0:000  --- Discovered EDID Table size:128
29:600  0:000  000  |  00  FF  FF  FF  FF  FF  FF  00  30  E4
29:600  0:000  010  |  C4  05  00  00  00  00  00  1C  01  04
29:600  0:000  020  |  95  22  13  78  02  8F  E5  94  5B  55
29:600  0:000  030  |  90  27  1D  50  54  00  00  00  01  01
29:600  0:000  040  |  01  01  01  01  01  01  01  01  01  01
29:600  0:000  050  |  01  01  01  01  24  36  80  A0  70  38
29:600  0:000  060  |  1F  40  30  20  35  00  58  C2  10  00
29:600  0:000  070  |  00  1A  50  2B  80  A0  70  38  1F  40
29:600  0:000  080  |  30  20  35  00  58  C2  10  00  00  1A
29:600  0:000  090  |  00  00  00  FE  00  34  43  58  44  57
29:600  0:000  100  |  80  31  35  36  57  46  39  0A  00  00
29:600  0:000  110  |  00  00  00  00  41  31  96  00  10  00
29:600  0:000  120  |  00  0A  01  0A  20  20  00  FE
29:600  0:000  add device: PciRoot(0)/Pci(0x02,0)
29:600  0:000     Add key=AAPL,ig-platform-id valuelen=4
29:600  0:000     Add key=device-id valuelen=4
29:600  0:000     Add key=framebuffer-fbmem valuelen=4
29:600  0:000     Add key=framebuffer-patch-enable valuelen=4
29:600  0:000     Add key=framebuffer-stolenmem valuelen=4
29:600  0:000  Intel GFX injection not set
29:600  0:000   RCBA disabled; cannot use it
29:600  0:000  stringlength = 1286
29:600  0:000  OCABC: AllocPages 1 0x629D3000 (1) - Success
29:600  0:000  CurrentMode: Width=1920 Height=1080
29:600  0:000  SetNvramVariable (system-id, guid, 0x2, 16): -> writing new (Success)
29:601  0:000  SetNvramVariable (MLB, guid, 0x6, 17): -> writing new (Success)
29:601  0:000  SetNvramVariable (ROM, guid, 0x6, 6): -> writing new (Success)
29:602  0:000  SetNvramVariable (FirmwareFeatures, guid, 0x6, 4): -> writing new (Success)
29:602  0:000  SetNvramVariable (FirmwareFeaturesMask, guid, 0x6, 4): -> writing new (Success)
29:602  0:000  SetNvramVariable (ExtendedFirmwareFeatures, guid, 0x6, 8): -> writing new (Success)
29:603  0:000  SetNvramVariable (ExtendedFirmwareFeaturesMask, guid, 0x6, 8): -> writing new (Success)
29:603  0:000  AddNvramVariable (HW_BID, guid, 0x6, 20): -> writing new (Success)
29:604  0:000  AddNvramVariable (security-mode, guid, 0x7, 5): -> writing new (Success)
29:645  0:040  AddNvramVariable (backlight-level, guid, 0x7, 2): -> already exists, abort
29:645  0:000  DeleteNvramVariable (DefaultBackgroundColor, guid = Not Found):
29:646  0:000  DeleteNvramVariable (UIScale, guid = Not Found):
29:646  0:000  DeleteNvramVariable (EFILoginHiDPI, guid = Not Found):
29:646  0:000  SetNvramVariable (flagstate, guid, 0x7, 32): -> writing new (Success)
29:678  0:032  SetNvramVariable (csr-active-config, guid, 0x7, 4): -> writing new (Success)
29:728  0:050  DeleteNvramVariable (BridgeOSHardwareModel, guid = Not Found):
29:728  0:000  DeleteNvramVariable (bootercfg, guid = Not Found):
29:729  0:000  DeleteNvramVariable (nvda_drv, guid = Not Found):
29:729  0:000  DeleteNvramVariable (recovery-boot-mode, guid = Not Found):
29:729  0:000  AddNvramVariable (wake-failure, guid, 0x7, 5): -> writing new (Success)
29:768  0:038  Use origin smbios table type 1 guid.
29:773  0:004  SetStartupDiskVolume:
29:773  0:000    * Volume: 'Preboot'
29:773  0:000    * LoaderPath: '\B77D0BE7-8201-4DBC-A64E-61B74E9B795C\System\Library\CoreServices\boot.efi'
29:773  0:000    * DevPath: Preboot
29:773  0:000    * GUID = 50F2D44A-A7C8-4FFB-8370-4A7943A7DFF0
29:773  0:000  SetNvramVariable (efi-boot-device-data, guid, 0x7, 264): exists(0x7, 156), not equal -> writing new (Success)
29:784  0:011    * efi-boot-device: <array><dict><key>IOMatch</key><dict><key>IOProviderClass</key><string>IOMedia</string><key>IOPropertyMatch</key><dict><key>UUID</key><string>50F2D44A-A7C8-4FFB-8370-4A7943A7DFF0</string></dict></dict></dict></array>
29:784  0:000  SetNvramVariable (efi-boot-device, guid, 0x7, 216): exists(0x7, 216), not equal -> writing new (Success)
29:796  0:011  Custom boot screen not used because entry has unset use graphics
29:797  0:001  DeleteNvramVariable (IOHibernateRTCVariables, guid = Not Found):
29:797  0:000  DeleteNvramVariable (boot-image, guid = Not Found):
29:797  0:000  Kernel quirks
29:797  0:000  ACPCL 1 AXCL 1 AXEM 0 AXFB 0 CSG 0 DIM 1 DLJ 1 DRC 1 DPM 0 EBTFF 0 EDI 0 IPBS 0 LKP 1 PNKD 1 PTKP 1 TPD 0 XPL 0
29:797  0:000  Closing log
29:799  0:001  OCABC: Patching safe mode sur-2 at off D896
29:799  0:000  OCABC: AllocPages 2 0x781FF000 (1) - Success
29:799  0:000  OC: Supported boot capabilities 4
29:799  0:000  OCABC: AllocPages 2 0x781FC000 (3) - Success
29:799  0:000  OCABC: All slides are usable! You can disable ProvideCustomSlide!
29:801  0:001  OCOS: OS set: <null> macOS 11.0
29:801  0:000  OCOS: OS set: Apple Inc. macOS 11.0
29:801  0:000  OCOS: Should use black background
29:804  0:003  OCABC: AllocPages 1 0x629D2000 (1) - Success
29:810  0:005  OC: Opening file System\Library\Kernels\kernel with 1 mode gave - Not Found
29:810  0:000  OC: Opening file \B77D0BE7-8201-4DBC-A64E-61B74E9B795C with 1 mode gave - Success
29:810  0:000  OC: Opening file \B77D0BE7-8201-4DBC-A64E-61B74E9B795C\System\Library\CoreServices\com.apple.Boot.plist with 1 mode gave - Not Found
29:811  0:000  OC: Opening file Library\Preferences\SystemConfiguration\com.apple.Boot.plist with 1 mode gave - Success
29:812  0:001  OC: Opening file \B77D0BE7-8201-4DBC-A64E-61B74E9B795C\System\Library\CoreServices\PlatformSupport.plist with 1 mode gave - Success
29:813  0:001  OCABC: AllocPages 2 0x8300000 (121042) - Success
29:814  0:000  OC: Opening file System\Library\Caches\com.apple.corestorage\EncryptedRoot.plist.wipekey with 1 mode gave - Success
29:879  0:065  OC: Opening file B77D0BE7-8201-4DBC-A64E-61B74E9B795C\BaseSystem.dmg with 1 mode gave - Success
39:941  10:062  OCB: InternalEfiExit 679C4218 - Aborted / Unsupported
39:942  0:000  StartImage failed : Aborted
